<?xml version="1.0" encoding="UTF-8"?>
<testsuite xmlns:xsi="http://www.w3.org/2001/XMLSchema-instance" xsi:noNamespaceSchemaLocation="https://maven.apache.org/surefire/maven-surefire-plugin/xsd/surefire-test-report.xsd" name="com.app.microapplication.MicroApplicationTests" time="6.74" tests="1" errors="0" skipped="0" failures="0">
  <properties>
    <property name="sun.desktop" value="windows"/>
    <property name="awt.toolkit" value="sun.awt.windows.WToolkit"/>
    <property name="file.encoding.pkg" value="sun.io"/>
    <property name="java.specification.version" value="1.8"/>
    <property name="sun.cpu.isalist" value="amd64"/>
    <property name="sun.jnu.encoding" value="Cp1252"/>
    <property name="java.class.path" value="C:\Users\tuanna47\Documents\workspaces\spring-ide-w-git-maven-sts\micro-application\target\test-classes;C:\Users\tuanna47\Documents\workspaces\spring-ide-w-git-maven-sts\micro-application\target\classes;C:\Users\tuanna47\Documents\workspaces\spring-ide-w-git-maven-sts\micro-application\~\.m2\repository\org\springframework\boot\spring-boot-starter-actuator\2.4.4\spring-boot-starter-actuator-2.4.4.jar;C:\Users\tuanna47\Documents\workspaces\spring-ide-w-git-maven-sts\micro-application\~\.m2\repository\org\springframework\boot\spring-boot-starter\2.4.4\spring-boot-starter-2.4.4.jar;C:\Users\tuanna47\Documents\workspaces\spring-ide-w-git-maven-sts\micro-application\~\.m2\repository\org\springframework\boot\spring-boot-starter-logging\2.4.4\spring-boot-starter-logging-2.4.4.jar;C:\Users\tuanna47\Documents\workspaces\spring-ide-w-git-maven-sts\micro-application\~\.m2\repository\ch\qos\logback\logback-classic\1.2.3\logback-classic-1.2.3.jar;C:\Users\tuanna47\Documents\workspaces\spring-ide-w-git-maven-sts\micro-application\~\.m2\repository\ch\qos\logback\logback-core\1.2.3\logback-core-1.2.3.jar;C:\Users\tuanna47\Documents\workspaces\spring-ide-w-git-maven-sts\micro-application\~\.m2\repository\org\apache\logging\log4j\log4j-to-slf4j\2.13.3\log4j-to-slf4j-2.13.3.jar;C:\Users\tuanna47\Documents\workspaces\spring-ide-w-git-maven-sts\micro-application\~\.m2\repository\org\apache\logging\log4j\log4j-api\2.13.3\log4j-api-2.13.3.jar;C:\Users\tuanna47\Documents\workspaces\spring-ide-w-git-maven-sts\micro-application\~\.m2\repository\org\slf4j\jul-to-slf4j\1.7.30\jul-to-slf4j-1.7.30.jar;C:\Users\tuanna47\Documents\workspaces\spring-ide-w-git-maven-sts\micro-application\~\.m2\repository\jakarta\annotation\jakarta.annotation-api\1.3.5\jakarta.annotation-api-1.3.5.jar;C:\Users\tuanna47\Documents\workspaces\spring-ide-w-git-maven-sts\micro-application\~\.m2\repository\org\yaml\snakeyaml\1.27\snakeyaml-1.27.jar;C:\Users\tuanna47\Documents\workspaces\spring-ide-w-git-maven-sts\micro-application\~\.m2\repository\org\springframework\boot\spring-boot-actuator-autoconfigure\2.4.4\spring-boot-actuator-autoconfigure-2.4.4.jar;C:\Users\tuanna47\Documents\workspaces\spring-ide-w-git-maven-sts\micro-application\~\.m2\repository\org\springframework\boot\spring-boot-actuator\2.4.4\spring-boot-actuator-2.4.4.jar;C:\Users\tuanna47\Documents\workspaces\spring-ide-w-git-maven-sts\micro-application\~\.m2\repository\com\fasterxml\jackson\core\jackson-databind\2.11.4\jackson-databind-2.11.4.jar;C:\Users\tuanna47\Documents\workspaces\spring-ide-w-git-maven-sts\micro-application\~\.m2\repository\com\fasterxml\jackson\core\jackson-annotations\2.11.4\jackson-annotations-2.11.4.jar;C:\Users\tuanna47\Documents\workspaces\spring-ide-w-git-maven-sts\micro-application\~\.m2\repository\com\fasterxml\jackson\core\jackson-core\2.11.4\jackson-core-2.11.4.jar;C:\Users\tuanna47\Documents\workspaces\spring-ide-w-git-maven-sts\micro-application\~\.m2\repository\com\fasterxml\jackson\datatype\jackson-datatype-jsr310\2.11.4\jackson-datatype-jsr310-2.11.4.jar;C:\Users\tuanna47\Documents\workspaces\spring-ide-w-git-maven-sts\micro-application\~\.m2\repository\io\micrometer\micrometer-core\1.6.5\micrometer-core-1.6.5.jar;C:\Users\tuanna47\Documents\workspaces\spring-ide-w-git-maven-sts\micro-application\~\.m2\repository\org\hdrhistogram\HdrHistogram\2.1.12\HdrHistogram-2.1.12.jar;C:\Users\tuanna47\Documents\workspaces\spring-ide-w-git-maven-sts\micro-application\~\.m2\repository\org\latencyutils\LatencyUtils\2.0.3\LatencyUtils-2.0.3.jar;C:\Users\tuanna47\Documents\workspaces\spring-ide-w-git-maven-sts\micro-application\~\.m2\repository\org\springframework\boot\spring-boot-starter-web\2.4.4\spring-boot-starter-web-2.4.4.jar;C:\Users\tuanna47\Documents\workspaces\spring-ide-w-git-maven-sts\micro-application\~\.m2\repository\org\springframework\boot\spring-boot-starter-json\2.4.4\spring-boot-starter-json-2.4.4.jar;C:\Users\tuanna47\Documents\workspaces\spring-ide-w-git-maven-sts\micro-application\~\.m2\repository\com\fasterxml\jackson\datatype\jackson-datatype-jdk8\2.11.4\jackson-datatype-jdk8-2.11.4.jar;C:\Users\tuanna47\Documents\workspaces\spring-ide-w-git-maven-sts\micro-application\~\.m2\repository\com\fasterxml\jackson\module\jackson-module-parameter-names\2.11.4\jackson-module-parameter-names-2.11.4.jar;C:\Users\tuanna47\Documents\workspaces\spring-ide-w-git-maven-sts\micro-application\~\.m2\repository\org\springframework\boot\spring-boot-starter-tomcat\2.4.4\spring-boot-starter-tomcat-2.4.4.jar;C:\Users\tuanna47\Documents\workspaces\spring-ide-w-git-maven-sts\micro-application\~\.m2\repository\org\apache\tomcat\embed\tomcat-embed-core\9.0.44\tomcat-embed-core-9.0.44.jar;C:\Users\tuanna47\Documents\workspaces\spring-ide-w-git-maven-sts\micro-application\~\.m2\repository\org\glassfish\jakarta.el\3.0.3\jakarta.el-3.0.3.jar;C:\Users\tuanna47\Documents\workspaces\spring-ide-w-git-maven-sts\micro-application\~\.m2\repository\org\apache\tomcat\embed\tomcat-embed-websocket\9.0.44\tomcat-embed-websocket-9.0.44.jar;C:\Users\tuanna47\Documents\workspaces\spring-ide-w-git-maven-sts\micro-application\~\.m2\repository\org\springframework\spring-web\5.3.5\spring-web-5.3.5.jar;C:\Users\tuanna47\Documents\workspaces\spring-ide-w-git-maven-sts\micro-application\~\.m2\repository\org\springframework\spring-beans\5.3.5\spring-beans-5.3.5.jar;C:\Users\tuanna47\Documents\workspaces\spring-ide-w-git-maven-sts\micro-application\~\.m2\repository\org\springframework\spring-webmvc\5.3.5\spring-webmvc-5.3.5.jar;C:\Users\tuanna47\Documents\workspaces\spring-ide-w-git-maven-sts\micro-application\~\.m2\repository\org\springframework\spring-aop\5.3.5\spring-aop-5.3.5.jar;C:\Users\tuanna47\Documents\workspaces\spring-ide-w-git-maven-sts\micro-application\~\.m2\repository\org\springframework\spring-context\5.3.5\spring-context-5.3.5.jar;C:\Users\tuanna47\Documents\workspaces\spring-ide-w-git-maven-sts\micro-application\~\.m2\repository\org\springframework\spring-expression\5.3.5\spring-expression-5.3.5.jar;C:\Users\tuanna47\Documents\workspaces\spring-ide-w-git-maven-sts\micro-application\~\.m2\repository\org\springframework\boot\spring-boot-devtools\2.4.4\spring-boot-devtools-2.4.4.jar;C:\Users\tuanna47\Documents\workspaces\spring-ide-w-git-maven-sts\micro-application\~\.m2\repository\org\springframework\boot\spring-boot\2.4.4\spring-boot-2.4.4.jar;C:\Users\tuanna47\Documents\workspaces\spring-ide-w-git-maven-sts\micro-application\~\.m2\repository\org\springframework\boot\spring-boot-autoconfigure\2.4.4\spring-boot-autoconfigure-2.4.4.jar;C:\Users\tuanna47\Documents\workspaces\spring-ide-w-git-maven-sts\micro-application\~\.m2\repository\org\springframework\boot\spring-boot-configuration-processor\2.4.4\spring-boot-configuration-processor-2.4.4.jar;C:\Users\tuanna47\Documents\workspaces\spring-ide-w-git-maven-sts\micro-application\~\.m2\repository\org\springframework\boot\spring-boot-starter-test\2.4.4\spring-boot-starter-test-2.4.4.jar;C:\Users\tuanna47\Documents\workspaces\spring-ide-w-git-maven-sts\micro-application\~\.m2\repository\org\springframework\boot\spring-boot-test\2.4.4\spring-boot-test-2.4.4.jar;C:\Users\tuanna47\Documents\workspaces\spring-ide-w-git-maven-sts\micro-application\~\.m2\repository\org\springframework\boot\spring-boot-test-autoconfigure\2.4.4\spring-boot-test-autoconfigure-2.4.4.jar;C:\Users\tuanna47\Documents\workspaces\spring-ide-w-git-maven-sts\micro-application\~\.m2\repository\com\jayway\jsonpath\json-path\2.4.0\json-path-2.4.0.jar;C:\Users\tuanna47\Documents\workspaces\spring-ide-w-git-maven-sts\micro-application\~\.m2\repository\net\minidev\json-smart\2.3\json-smart-2.3.jar;C:\Users\tuanna47\Documents\workspaces\spring-ide-w-git-maven-sts\micro-application\~\.m2\repository\net\minidev\accessors-smart\1.2\accessors-smart-1.2.jar;C:\Users\tuanna47\Documents\workspaces\spring-ide-w-git-maven-sts\micro-application\~\.m2\repository\org\ow2\asm\asm\5.0.4\asm-5.0.4.jar;C:\Users\tuanna47\Documents\workspaces\spring-ide-w-git-maven-sts\micro-application\~\.m2\repository\org\slf4j\slf4j-api\1.7.30\slf4j-api-1.7.30.jar;C:\Users\tuanna47\Documents\workspaces\spring-ide-w-git-maven-sts\micro-application\~\.m2\repository\jakarta\xml\bind\jakarta.xml.bind-api\2.3.3\jakarta.xml.bind-api-2.3.3.jar;C:\Users\tuanna47\Documents\workspaces\spring-ide-w-git-maven-sts\micro-application\~\.m2\repository\jakarta\activation\jakarta.activation-api\1.2.2\jakarta.activation-api-1.2.2.jar;C:\Users\tuanna47\Documents\workspaces\spring-ide-w-git-maven-sts\micro-application\~\.m2\repository\org\assertj\assertj-core\3.18.1\assertj-core-3.18.1.jar;C:\Users\tuanna47\Documents\workspaces\spring-ide-w-git-maven-sts\micro-application\~\.m2\repository\org\hamcrest\hamcrest\2.2\hamcrest-2.2.jar;C:\Users\tuanna47\Documents\workspaces\spring-ide-w-git-maven-sts\micro-application\~\.m2\repository\org\junit\jupiter\junit-jupiter\5.7.1\junit-jupiter-5.7.1.jar;C:\Users\tuanna47\Documents\workspaces\spring-ide-w-git-maven-sts\micro-application\~\.m2\repository\org\junit\jupiter\junit-jupiter-api\5.7.1\junit-jupiter-api-5.7.1.jar;C:\Users\tuanna47\Documents\workspaces\spring-ide-w-git-maven-sts\micro-application\~\.m2\repository\org\apiguardian\apiguardian-api\1.1.0\apiguardian-api-1.1.0.jar;C:\Users\tuanna47\Documents\workspaces\spring-ide-w-git-maven-sts\micro-application\~\.m2\repository\org\opentest4j\opentest4j\1.2.0\opentest4j-1.2.0.jar;C:\Users\tuanna47\Documents\workspaces\spring-ide-w-git-maven-sts\micro-application\~\.m2\repository\org\junit\platform\junit-platform-commons\1.7.1\junit-platform-commons-1.7.1.jar;C:\Users\tuanna47\Documents\workspaces\spring-ide-w-git-maven-sts\micro-application\~\.m2\repository\org\junit\jupiter\junit-jupiter-params\5.7.1\junit-jupiter-params-5.7.1.jar;C:\Users\tuanna47\Documents\workspaces\spring-ide-w-git-maven-sts\micro-application\~\.m2\repository\org\junit\jupiter\junit-jupiter-engine\5.7.1\junit-jupiter-engine-5.7.1.jar;C:\Users\tuanna47\Documents\workspaces\spring-ide-w-git-maven-sts\micro-application\~\.m2\repository\org\junit\platform\junit-platform-engine\1.7.1\junit-platform-engine-1.7.1.jar;C:\Users\tuanna47\Documents\workspaces\spring-ide-w-git-maven-sts\micro-application\~\.m2\repository\org\mockito\mockito-core\3.6.28\mockito-core-3.6.28.jar;C:\Users\tuanna47\Documents\workspaces\spring-ide-w-git-maven-sts\micro-application\~\.m2\repository\net\bytebuddy\byte-buddy\1.10.22\byte-buddy-1.10.22.jar;C:\Users\tuanna47\Documents\workspaces\spring-ide-w-git-maven-sts\micro-application\~\.m2\repository\net\bytebuddy\byte-buddy-agent\1.10.22\byte-buddy-agent-1.10.22.jar;C:\Users\tuanna47\Documents\workspaces\spring-ide-w-git-maven-sts\micro-application\~\.m2\repository\org\objenesis\objenesis\3.1\objenesis-3.1.jar;C:\Users\tuanna47\Documents\workspaces\spring-ide-w-git-maven-sts\micro-application\~\.m2\repository\org\mockito\mockito-junit-jupiter\3.6.28\mockito-junit-jupiter-3.6.28.jar;C:\Users\tuanna47\Documents\workspaces\spring-ide-w-git-maven-sts\micro-application\~\.m2\repository\org\skyscreamer\jsonassert\1.5.0\jsonassert-1.5.0.jar;C:\Users\tuanna47\Documents\workspaces\spring-ide-w-git-maven-sts\micro-application\~\.m2\repository\com\vaadin\external\google\android-json\0.0.20131108.vaadin1\android-json-0.0.20131108.vaadin1.jar;C:\Users\tuanna47\Documents\workspaces\spring-ide-w-git-maven-sts\micro-application\~\.m2\repository\org\springframework\spring-core\5.3.5\spring-core-5.3.5.jar;C:\Users\tuanna47\Documents\workspaces\spring-ide-w-git-maven-sts\micro-application\~\.m2\repository\org\springframework\spring-jcl\5.3.5\spring-jcl-5.3.5.jar;C:\Users\tuanna47\Documents\workspaces\spring-ide-w-git-maven-sts\micro-application\~\.m2\repository\org\springframework\spring-test\5.3.5\spring-test-5.3.5.jar;C:\Users\tuanna47\Documents\workspaces\spring-ide-w-git-maven-sts\micro-application\~\.m2\repository\org\xmlunit\xmlunit-core\2.7.0\xmlunit-core-2.7.0.jar;"/>
    <property name="java.vm.vendor" value="Oracle Corporation"/>
    <property name="sun.arch.data.model" value="64"/>
    <property name="user.variant" value=""/>
    <property name="java.vendor.url" value="http://java.oracle.com/"/>
    <property name="user.timezone" value="Asia/Bangkok"/>
    <property name="java.vm.specification.version" value="1.8"/>
    <property name="os.name" value="Windows 10"/>
    <property name="user.country" value="US"/>
    <property name="sun.java.launcher" value="SUN_STANDARD"/>
    <property name="sun.boot.library.path" value="C:\Program Files\Java\jdk1.8.0_131\jre\bin"/>
    <property name="sun.java.command" value="C:\Users\tuanna47\AppData\Local\Temp\surefire3746314943267341169\surefirebooter3061861733559023322.jar C:\Users\tuanna47\AppData\Local\Temp\surefire3746314943267341169 2021-03-21T22-43-19_995-jvmRun1 surefire6167607729030912981tmp surefire_05161930679334683801tmp"/>
    <property name="surefire.test.class.path" value="C:\Users\tuanna47\Documents\workspaces\spring-ide-w-git-maven-sts\micro-application\target\test-classes;C:\Users\tuanna47\Documents\workspaces\spring-ide-w-git-maven-sts\micro-application\target\classes;C:\Users\tuanna47\Documents\workspaces\spring-ide-w-git-maven-sts\micro-application\~\.m2\repository\org\springframework\boot\spring-boot-starter-actuator\2.4.4\spring-boot-starter-actuator-2.4.4.jar;C:\Users\tuanna47\Documents\workspaces\spring-ide-w-git-maven-sts\micro-application\~\.m2\repository\org\springframework\boot\spring-boot-starter\2.4.4\spring-boot-starter-2.4.4.jar;C:\Users\tuanna47\Documents\workspaces\spring-ide-w-git-maven-sts\micro-application\~\.m2\repository\org\springframework\boot\spring-boot-starter-logging\2.4.4\spring-boot-starter-logging-2.4.4.jar;C:\Users\tuanna47\Documents\workspaces\spring-ide-w-git-maven-sts\micro-application\~\.m2\repository\ch\qos\logback\logback-classic\1.2.3\logback-classic-1.2.3.jar;C:\Users\tuanna47\Documents\workspaces\spring-ide-w-git-maven-sts\micro-application\~\.m2\repository\ch\qos\logback\logback-core\1.2.3\logback-core-1.2.3.jar;C:\Users\tuanna47\Documents\workspaces\spring-ide-w-git-maven-sts\micro-application\~\.m2\repository\org\apache\logging\log4j\log4j-to-slf4j\2.13.3\log4j-to-slf4j-2.13.3.jar;C:\Users\tuanna47\Documents\workspaces\spring-ide-w-git-maven-sts\micro-application\~\.m2\repository\org\apache\logging\log4j\log4j-api\2.13.3\log4j-api-2.13.3.jar;C:\Users\tuanna47\Documents\workspaces\spring-ide-w-git-maven-sts\micro-application\~\.m2\repository\org\slf4j\jul-to-slf4j\1.7.30\jul-to-slf4j-1.7.30.jar;C:\Users\tuanna47\Documents\workspaces\spring-ide-w-git-maven-sts\micro-application\~\.m2\repository\jakarta\annotation\jakarta.annotation-api\1.3.5\jakarta.annotation-api-1.3.5.jar;C:\Users\tuanna47\Documents\workspaces\spring-ide-w-git-maven-sts\micro-application\~\.m2\repository\org\yaml\snakeyaml\1.27\snakeyaml-1.27.jar;C:\Users\tuanna47\Documents\workspaces\spring-ide-w-git-maven-sts\micro-application\~\.m2\repository\org\springframework\boot\spring-boot-actuator-autoconfigure\2.4.4\spring-boot-actuator-autoconfigure-2.4.4.jar;C:\Users\tuanna47\Documents\workspaces\spring-ide-w-git-maven-sts\micro-application\~\.m2\repository\org\springframework\boot\spring-boot-actuator\2.4.4\spring-boot-actuator-2.4.4.jar;C:\Users\tuanna47\Documents\workspaces\spring-ide-w-git-maven-sts\micro-application\~\.m2\repository\com\fasterxml\jackson\core\jackson-databind\2.11.4\jackson-databind-2.11.4.jar;C:\Users\tuanna47\Documents\workspaces\spring-ide-w-git-maven-sts\micro-application\~\.m2\repository\com\fasterxml\jackson\core\jackson-annotations\2.11.4\jackson-annotations-2.11.4.jar;C:\Users\tuanna47\Documents\workspaces\spring-ide-w-git-maven-sts\micro-application\~\.m2\repository\com\fasterxml\jackson\core\jackson-core\2.11.4\jackson-core-2.11.4.jar;C:\Users\tuanna47\Documents\workspaces\spring-ide-w-git-maven-sts\micro-application\~\.m2\repository\com\fasterxml\jackson\datatype\jackson-datatype-jsr310\2.11.4\jackson-datatype-jsr310-2.11.4.jar;C:\Users\tuanna47\Documents\workspaces\spring-ide-w-git-maven-sts\micro-application\~\.m2\repository\io\micrometer\micrometer-core\1.6.5\micrometer-core-1.6.5.jar;C:\Users\tuanna47\Documents\workspaces\spring-ide-w-git-maven-sts\micro-application\~\.m2\repository\org\hdrhistogram\HdrHistogram\2.1.12\HdrHistogram-2.1.12.jar;C:\Users\tuanna47\Documents\workspaces\spring-ide-w-git-maven-sts\micro-application\~\.m2\repository\org\latencyutils\LatencyUtils\2.0.3\LatencyUtils-2.0.3.jar;C:\Users\tuanna47\Documents\workspaces\spring-ide-w-git-maven-sts\micro-application\~\.m2\repository\org\springframework\boot\spring-boot-starter-web\2.4.4\spring-boot-starter-web-2.4.4.jar;C:\Users\tuanna47\Documents\workspaces\spring-ide-w-git-maven-sts\micro-application\~\.m2\repository\org\springframework\boot\spring-boot-starter-json\2.4.4\spring-boot-starter-json-2.4.4.jar;C:\Users\tuanna47\Documents\workspaces\spring-ide-w-git-maven-sts\micro-application\~\.m2\repository\com\fasterxml\jackson\datatype\jackson-datatype-jdk8\2.11.4\jackson-datatype-jdk8-2.11.4.jar;C:\Users\tuanna47\Documents\workspaces\spring-ide-w-git-maven-sts\micro-application\~\.m2\repository\com\fasterxml\jackson\module\jackson-module-parameter-names\2.11.4\jackson-module-parameter-names-2.11.4.jar;C:\Users\tuanna47\Documents\workspaces\spring-ide-w-git-maven-sts\micro-application\~\.m2\repository\org\springframework\boot\spring-boot-starter-tomcat\2.4.4\spring-boot-starter-tomcat-2.4.4.jar;C:\Users\tuanna47\Documents\workspaces\spring-ide-w-git-maven-sts\micro-application\~\.m2\repository\org\apache\tomcat\embed\tomcat-embed-core\9.0.44\tomcat-embed-core-9.0.44.jar;C:\Users\tuanna47\Documents\workspaces\spring-ide-w-git-maven-sts\micro-application\~\.m2\repository\org\glassfish\jakarta.el\3.0.3\jakarta.el-3.0.3.jar;C:\Users\tuanna47\Documents\workspaces\spring-ide-w-git-maven-sts\micro-application\~\.m2\repository\org\apache\tomcat\embed\tomcat-embed-websocket\9.0.44\tomcat-embed-websocket-9.0.44.jar;C:\Users\tuanna47\Documents\workspaces\spring-ide-w-git-maven-sts\micro-application\~\.m2\repository\org\springframework\spring-web\5.3.5\spring-web-5.3.5.jar;C:\Users\tuanna47\Documents\workspaces\spring-ide-w-git-maven-sts\micro-application\~\.m2\repository\org\springframework\spring-beans\5.3.5\spring-beans-5.3.5.jar;C:\Users\tuanna47\Documents\workspaces\spring-ide-w-git-maven-sts\micro-application\~\.m2\repository\org\springframework\spring-webmvc\5.3.5\spring-webmvc-5.3.5.jar;C:\Users\tuanna47\Documents\workspaces\spring-ide-w-git-maven-sts\micro-application\~\.m2\repository\org\springframework\spring-aop\5.3.5\spring-aop-5.3.5.jar;C:\Users\tuanna47\Documents\workspaces\spring-ide-w-git-maven-sts\micro-application\~\.m2\repository\org\springframework\spring-context\5.3.5\spring-context-5.3.5.jar;C:\Users\tuanna47\Documents\workspaces\spring-ide-w-git-maven-sts\micro-application\~\.m2\repository\org\springframework\spring-expression\5.3.5\spring-expression-5.3.5.jar;C:\Users\tuanna47\Documents\workspaces\spring-ide-w-git-maven-sts\micro-application\~\.m2\repository\org\springframework\boot\spring-boot-devtools\2.4.4\spring-boot-devtools-2.4.4.jar;C:\Users\tuanna47\Documents\workspaces\spring-ide-w-git-maven-sts\micro-application\~\.m2\repository\org\springframework\boot\spring-boot\2.4.4\spring-boot-2.4.4.jar;C:\Users\tuanna47\Documents\workspaces\spring-ide-w-git-maven-sts\micro-application\~\.m2\repository\org\springframework\boot\spring-boot-autoconfigure\2.4.4\spring-boot-autoconfigure-2.4.4.jar;C:\Users\tuanna47\Documents\workspaces\spring-ide-w-git-maven-sts\micro-application\~\.m2\repository\org\springframework\boot\spring-boot-configuration-processor\2.4.4\spring-boot-configuration-processor-2.4.4.jar;C:\Users\tuanna47\Documents\workspaces\spring-ide-w-git-maven-sts\micro-application\~\.m2\repository\org\springframework\boot\spring-boot-starter-test\2.4.4\spring-boot-starter-test-2.4.4.jar;C:\Users\tuanna47\Documents\workspaces\spring-ide-w-git-maven-sts\micro-application\~\.m2\repository\org\springframework\boot\spring-boot-test\2.4.4\spring-boot-test-2.4.4.jar;C:\Users\tuanna47\Documents\workspaces\spring-ide-w-git-maven-sts\micro-application\~\.m2\repository\org\springframework\boot\spring-boot-test-autoconfigure\2.4.4\spring-boot-test-autoconfigure-2.4.4.jar;C:\Users\tuanna47\Documents\workspaces\spring-ide-w-git-maven-sts\micro-application\~\.m2\repository\com\jayway\jsonpath\json-path\2.4.0\json-path-2.4.0.jar;C:\Users\tuanna47\Documents\workspaces\spring-ide-w-git-maven-sts\micro-application\~\.m2\repository\net\minidev\json-smart\2.3\json-smart-2.3.jar;C:\Users\tuanna47\Documents\workspaces\spring-ide-w-git-maven-sts\micro-application\~\.m2\repository\net\minidev\accessors-smart\1.2\accessors-smart-1.2.jar;C:\Users\tuanna47\Documents\workspaces\spring-ide-w-git-maven-sts\micro-application\~\.m2\repository\org\ow2\asm\asm\5.0.4\asm-5.0.4.jar;C:\Users\tuanna47\Documents\workspaces\spring-ide-w-git-maven-sts\micro-application\~\.m2\repository\org\slf4j\slf4j-api\1.7.30\slf4j-api-1.7.30.jar;C:\Users\tuanna47\Documents\workspaces\spring-ide-w-git-maven-sts\micro-application\~\.m2\repository\jakarta\xml\bind\jakarta.xml.bind-api\2.3.3\jakarta.xml.bind-api-2.3.3.jar;C:\Users\tuanna47\Documents\workspaces\spring-ide-w-git-maven-sts\micro-application\~\.m2\repository\jakarta\activation\jakarta.activation-api\1.2.2\jakarta.activation-api-1.2.2.jar;C:\Users\tuanna47\Documents\workspaces\spring-ide-w-git-maven-sts\micro-application\~\.m2\repository\org\assertj\assertj-core\3.18.1\assertj-core-3.18.1.jar;C:\Users\tuanna47\Documents\workspaces\spring-ide-w-git-maven-sts\micro-application\~\.m2\repository\org\hamcrest\hamcrest\2.2\hamcrest-2.2.jar;C:\Users\tuanna47\Documents\workspaces\spring-ide-w-git-maven-sts\micro-application\~\.m2\repository\org\junit\jupiter\junit-jupiter\5.7.1\junit-jupiter-5.7.1.jar;C:\Users\tuanna47\Documents\workspaces\spring-ide-w-git-maven-sts\micro-application\~\.m2\repository\org\junit\jupiter\junit-jupiter-api\5.7.1\junit-jupiter-api-5.7.1.jar;C:\Users\tuanna47\Documents\workspaces\spring-ide-w-git-maven-sts\micro-application\~\.m2\repository\org\apiguardian\apiguardian-api\1.1.0\apiguardian-api-1.1.0.jar;C:\Users\tuanna47\Documents\workspaces\spring-ide-w-git-maven-sts\micro-application\~\.m2\repository\org\opentest4j\opentest4j\1.2.0\opentest4j-1.2.0.jar;C:\Users\tuanna47\Documents\workspaces\spring-ide-w-git-maven-sts\micro-application\~\.m2\repository\org\junit\platform\junit-platform-commons\1.7.1\junit-platform-commons-1.7.1.jar;C:\Users\tuanna47\Documents\workspaces\spring-ide-w-git-maven-sts\micro-application\~\.m2\repository\org\junit\jupiter\junit-jupiter-params\5.7.1\junit-jupiter-params-5.7.1.jar;C:\Users\tuanna47\Documents\workspaces\spring-ide-w-git-maven-sts\micro-application\~\.m2\repository\org\junit\jupiter\junit-jupiter-engine\5.7.1\junit-jupiter-engine-5.7.1.jar;C:\Users\tuanna47\Documents\workspaces\spring-ide-w-git-maven-sts\micro-application\~\.m2\repository\org\junit\platform\junit-platform-engine\1.7.1\junit-platform-engine-1.7.1.jar;C:\Users\tuanna47\Documents\workspaces\spring-ide-w-git-maven-sts\micro-application\~\.m2\repository\org\mockito\mockito-core\3.6.28\mockito-core-3.6.28.jar;C:\Users\tuanna47\Documents\workspaces\spring-ide-w-git-maven-sts\micro-application\~\.m2\repository\net\bytebuddy\byte-buddy\1.10.22\byte-buddy-1.10.22.jar;C:\Users\tuanna47\Documents\workspaces\spring-ide-w-git-maven-sts\micro-application\~\.m2\repository\net\bytebuddy\byte-buddy-agent\1.10.22\byte-buddy-agent-1.10.22.jar;C:\Users\tuanna47\Documents\workspaces\spring-ide-w-git-maven-sts\micro-application\~\.m2\repository\org\objenesis\objenesis\3.1\objenesis-3.1.jar;C:\Users\tuanna47\Documents\workspaces\spring-ide-w-git-maven-sts\micro-application\~\.m2\repository\org\mockito\mockito-junit-jupiter\3.6.28\mockito-junit-jupiter-3.6.28.jar;C:\Users\tuanna47\Documents\workspaces\spring-ide-w-git-maven-sts\micro-application\~\.m2\repository\org\skyscreamer\jsonassert\1.5.0\jsonassert-1.5.0.jar;C:\Users\tuanna47\Documents\workspaces\spring-ide-w-git-maven-sts\micro-application\~\.m2\repository\com\vaadin\external\google\android-json\0.0.20131108.vaadin1\android-json-0.0.20131108.vaadin1.jar;C:\Users\tuanna47\Documents\workspaces\spring-ide-w-git-maven-sts\micro-application\~\.m2\repository\org\springframework\spring-core\5.3.5\spring-core-5.3.5.jar;C:\Users\tuanna47\Documents\workspaces\spring-ide-w-git-maven-sts\micro-application\~\.m2\repository\org\springframework\spring-jcl\5.3.5\spring-jcl-5.3.5.jar;C:\Users\tuanna47\Documents\workspaces\spring-ide-w-git-maven-sts\micro-application\~\.m2\repository\org\springframework\spring-test\5.3.5\spring-test-5.3.5.jar;C:\Users\tuanna47\Documents\workspaces\spring-ide-w-git-maven-sts\micro-application\~\.m2\repository\org\xmlunit\xmlunit-core\2.7.0\xmlunit-core-2.7.0.jar;"/>
    <property name="sun.cpu.endian" value="little"/>
    <property name="user.home" value="C:\Users\tuanna47"/>
    <property name="user.language" value="en"/>
    <property name="java.specification.vendor" value="Oracle Corporation"/>
    <property name="java.home" value="C:\Program Files\Java\jdk1.8.0_131\jre"/>
    <property name="basedir" value="C:\Users\tuanna47\Documents\workspaces\spring-ide-w-git-maven-sts\micro-application"/>
    <property name="file.separator" value="\"/>
    <property name="line.separator" value="&#10;"/>
    <property name="java.vm.specification.vendor" value="Oracle Corporation"/>
    <property name="java.specification.name" value="Java Platform API Specification"/>
    <property name="java.awt.graphicsenv" value="sun.awt.Win32GraphicsEnvironment"/>
    <property name="surefire.real.class.path" value="C:\Users\tuanna47\AppData\Local\Temp\surefire3746314943267341169\surefirebooter3061861733559023322.jar"/>
    <property name="sun.boot.class.path" value="C:\Program Files\Java\jdk1.8.0_131\jre\lib\resources.jar;C:\Program Files\Java\jdk1.8.0_131\jre\lib\rt.jar;C:\Program Files\Java\jdk1.8.0_131\jre\lib\sunrsasign.jar;C:\Program Files\Java\jdk1.8.0_131\jre\lib\jsse.jar;C:\Program Files\Java\jdk1.8.0_131\jre\lib\jce.jar;C:\Program Files\Java\jdk1.8.0_131\jre\lib\charsets.jar;C:\Program Files\Java\jdk1.8.0_131\jre\lib\jfr.jar;C:\Program Files\Java\jdk1.8.0_131\jre\classes"/>
    <property name="user.script" value=""/>
    <property name="sun.management.compiler" value="HotSpot 64-Bit Tiered Compilers"/>
    <property name="java.runtime.version" value="1.8.0_131-b11"/>
    <property name="user.name" value="tuanna47"/>
    <property name="path.separator" value=";"/>
    <property name="os.version" value="10.0"/>
    <property name="java.endorsed.dirs" value="C:\Program Files\Java\jdk1.8.0_131\jre\lib\endorsed"/>
    <property name="java.runtime.name" value="Java(TM) SE Runtime Environment"/>
    <property name="file.encoding" value="Cp1252"/>
    <property name="java.vm.name" value="Java HotSpot(TM) 64-Bit Server VM"/>
    <property name="localRepository" value="C:\Users\tuanna47\Documents\workspaces\spring-ide-w-git-maven-sts\micro-application\~\.m2\repository"/>
    <property name="java.vendor.url.bug" value="http://bugreport.sun.com/bugreport/"/>
    <property name="java.io.tmpdir" value="C:\Users\tuanna47\AppData\Local\Temp\"/>
    <property name="java.version" value="1.8.0_131"/>
    <property name="user.dir" value="C:\Users\tuanna47\Documents\workspaces\spring-ide-w-git-maven-sts\micro-application"/>
    <property name="os.arch" value="amd64"/>
    <property name="java.vm.specification.name" value="Java Virtual Machine Specification"/>
    <property name="java.awt.printerjob" value="sun.awt.windows.WPrinterJob"/>
    <property name="sun.os.patch.level" value=""/>
    <property name="java.library.path" value="C:\Program Files\Java\jdk1.8.0_131\jre\bin;C:\Windows\Sun\Java\bin;C:\Windows\system32;C:\Windows;C:/Program Files/Java/jdk1.8.0_131/jre/bin/server;C:/Program Files/Java/jdk1.8.0_131/jre/bin;C:/Program Files/Java/jdk1.8.0_131/jre/lib/amd64;C:\Program Files (x86)\Common Files\Oracle\Java\javapath;C:\Program Files\Common Files\Oracle\Java\javapath;C:\Python\Python37\Scripts\;C:\Python\Python37\;C:\Python3\Scripts\;C:\Python3\;C:\Program Files\Microsoft MPI\Bin\;C:\Windows\system32;C:\Windows;C:\Windows\System32\Wbem;C:\Windows\System32\WindowsPowerShell\v1.0\;C:\Python27;C:\Program Files\Microsoft\Web Platform Installer\;C:\Program Files (x86)\Microsoft ASP.NET\ASP.NET Web Pages\v1.0\;C:\Program Files (x86)\Windows Kits\8.0\Windows Performance Toolkit\;C:\Program Files\Microsoft SQL Server\110\Tools\Binn\;C:\Go\bin;C:\ProgramData\Anaconda2;C:\ProgramData\Anaconda2\Scripts;C:\ProgramData\Anaconda2\Library\bin;C:\RailsInstaller\Ruby2.3.0\bin;C:\Program Files\R\R-3.4.0\bin\i386\;C:\Program Files\R\R-3.4.0\bin\x64\;C:\Program Files\MIT\Kerberos\bin;C:\Program Files\Microsoft SQL Server\130\Tools\Binn\;C:\Program Files\Git\cmd;C:\Program Files\TortoiseSVN\bin;C:\Program Files\EmEditor;C:\Program Files\Java\jdk1.8.0_131\bin;C:\Program Files (x86)\Microsoft VS Code\bin;C:\Program Files\Microsoft VS Code Insiders\bin;C:\Program Files\OpenSSH;C:\maven-3.6.1\bin;C:\maven2\bin;C:\nodejs12\;C:\Program Files (x86)\Microsoft Visual Studio 11.0\VC\bin;C:\Program Files\dotnet\;C:\spring-2.3.9.RELEASE\bin;C:\RailsInstaller\Git\cmd;C:\RailsInstaller\Ruby2.3.0\bin;C:\Users\tuanna47\AppData\Local\Microsoft\WindowsApps;C:\Program Files (x86)\Microsoft VS Code\bin;C:\Program Files\VMware\VMware OVF Tool;C:\Program Files (x86)\VMware\VMware vSphere CLI\bin;C:\Users\tuanna47\AppData\Local\atom\bin;C:\Users\tuanna47\AppData\Local\Programs\Microsoft VS Code Insiders\bin;C:\Program Files\OpenSSH;F:\Projects\autos3\env\bin;C:\Program Files\JetBrains\CLion 2020.2.1\bin;;C:\Users\tuanna47\AppData\Roaming\npm;C:\msys64;C:\Program Files (x86)\Microsoft Visual Studio 11.0\VC\bin;C:\Users\tuanna47\.dotnet\tools;C:\Program Files\Java\jdk-11.0.10;;C:\Program Files\Java\jdk1.8.0_131\bin;C:\Users\tuanna47\AppData\Local\Yatta\Launcher\installations\spring-ide-w-git-maven-sts;;."/>
    <property name="java.vm.info" value="mixed mode"/>
    <property name="java.vendor" value="Oracle Corporation"/>
    <property name="java.vm.version" value="25.131-b11"/>
    <property name="java.ext.dirs" value="C:\Program Files\Java\jdk1.8.0_131\jre\lib\ext;C:\Windows\Sun\Java\lib\ext"/>
    <property name="sun.io.unicode.encoding" value="UnicodeLittle"/>
    <property name="java.class.version" value="52.0"/>
  </properties>
  <testcase name="contextLoads" classname="com.app.microapplication.MicroApplicationTests" time="0.48"/>
</testsuite>